{
  "stats": {
    "suites": 4,
    "tests": 21,
    "passes": 20,
    "pending": 0,
    "failures": 1,
    "start": "2022-02-08T15:38:06.476Z",
    "end": "2022-02-08T15:55:42.078Z",
    "duration": 959189,
    "testsRegistered": 21,
    "passPercent": 95.23809523809524,
    "pendingPercent": 0,
    "other": 0,
    "hasOther": false,
    "skipped": 0,
    "hasSkipped": false
  },
  "results": [
    {
      "uuid": "5d9466b8-7262-40bc-9cbe-618346390412",
      "title": "",
      "fullFile": "cypress/integration/e2e-flows/declineByFunder.spec.js",
      "file": "cypress/integration/e2e-flows/declineByFunder.spec.js",
      "beforeHooks": [],
      "afterHooks": [],
      "tests": [],
      "suites": [
        {
          "uuid": "70e2725b-8cf7-4a51-ae2a-ec1b4b513b43",
          "title": "Decline By Funder flow--->",
          "fullFile": "",
          "file": "",
          "beforeHooks": [],
          "afterHooks": [],
          "tests": [
            {
              "title": "Login as an Supplier user",
              "fullTitle": "Decline By Funder flow---> Login as an Supplier user",
              "timedOut": null,
              "duration": 26556,
              "state": "passed",
              "speed": "slow",
              "pass": true,
              "fail": false,
              "pending": false,
              "context": null,
              "code": "loginObj.login(config.baseURI, config.SupplierUser, config.Password);\ncy.location('pathname').should('have.string', '/scf/invoices/available'); //--Landing URL",
              "err": {},
              "uuid": "7cfc5550-59da-4a82-88a4-d9a62c27a9d5",
              "parentUUID": "70e2725b-8cf7-4a51-ae2a-ec1b4b513b43",
              "isHook": false,
              "skipped": false
            },
            {
              "title": "Import Invoices",
              "fullTitle": "Decline By Funder flow---> Import Invoices",
              "timedOut": null,
              "duration": 19302,
              "state": "passed",
              "speed": "slow",
              "pass": true,
              "fail": false,
              "pending": false,
              "context": null,
              "code": "supplierObj.importinvoices().click();\ncy.get('button span').contains('cloud_upload').should('be.visible').click();\ncy.addInvoice(config.mediumWait); //Importing Invoice\ncy.wait(5000);\nsupplierObj.invoiceStatusAfterImport(); // Check status of invoice after import\nsingout.singOutUser(config.SupplierUser); // sign out",
              "err": {},
              "uuid": "94c8e574-0f4b-4268-ac73-970d2e9853a2",
              "parentUUID": "70e2725b-8cf7-4a51-ae2a-ec1b4b513b43",
              "isHook": false,
              "skipped": false
            },
            {
              "title": "Login as an Admin user",
              "fullTitle": "Decline By Funder flow---> Login as an Admin user",
              "timedOut": null,
              "duration": 17834,
              "state": "passed",
              "speed": "slow",
              "pass": true,
              "fail": false,
              "pending": false,
              "context": null,
              "code": "loginObj.login(config.baseURI, config.AdminUser, config.Password);\ncy.location('pathname').should('have.string', '/scf/facilities'); //Landing URL check",
              "err": {},
              "uuid": "642aef8c-787b-4e06-a655-b34f5d01cb69",
              "parentUUID": "70e2725b-8cf7-4a51-ae2a-ec1b4b513b43",
              "isHook": false,
              "skipped": false
            },
            {
              "title": "Open Facility---> Push Invoices",
              "fullTitle": "Decline By Funder flow---> Open Facility---> Push Invoices",
              "timedOut": null,
              "duration": 49473,
              "state": "passed",
              "speed": "slow",
              "pass": true,
              "fail": false,
              "pending": false,
              "context": null,
              "code": "commonObj.showAllRow(); // Full page view\ncommonObj.openFacility(config.facilityName, config.subFacilityName); //Open Facility\nadminObj.facilityview();\nadminObj.facilitysubtab();\ncommonObj.openSubFacility(config.subFacilityName);\npushInvoice.openInvoicesGrid();\ncommonObj.showAllRow();\nadminObj.invoiceState(); // Checked Invoice state before pushing invoices\npushInvoice.pushInvoice(); // Push all available invoices\nsingout.singOutUser(config.AdminUser);",
              "err": {},
              "uuid": "2d6d017c-2e1e-4d9a-8971-2ee494bf4f7a",
              "parentUUID": "70e2725b-8cf7-4a51-ae2a-ec1b4b513b43",
              "isHook": false,
              "skipped": false
            },
            {
              "title": "Login as an Supplier ---> Accept invoices",
              "fullTitle": "Decline By Funder flow---> Login as an Supplier ---> Accept invoices",
              "timedOut": null,
              "duration": 34474,
              "state": "passed",
              "speed": "slow",
              "pass": true,
              "fail": false,
              "pending": false,
              "context": null,
              "code": "loginObj.login(config.baseURI, config.SupplierUser, config.Password);\ncy.location('pathname').should('have.string', '/scf/invoices/available');\nsupplierObj.invoiceStateAvailable(); // to check invoice status- Available\nsendinvoiceObj.sendInvoices(); // Send all avaialble invoices to Admin\nsingout.singOutUser(config.SupplierUser);",
              "err": {},
              "uuid": "1645dbff-9471-436c-90d2-a81a11f198cc",
              "parentUUID": "70e2725b-8cf7-4a51-ae2a-ec1b4b513b43",
              "isHook": false,
              "skipped": false
            },
            {
              "title": "Admin Login- Funding Request",
              "fullTitle": "Decline By Funder flow---> Admin Login- Funding Request",
              "timedOut": null,
              "duration": 85426,
              "state": "passed",
              "speed": "slow",
              "pass": true,
              "fail": false,
              "pending": false,
              "context": null,
              "code": "loginObj.login(config.baseURI, config.AdminUser, config.Password);\ncy.location('pathname').should('have.string', '/scf/facilities');\ncommonObj.showAllRow();\ncommonObj.openFacility(config.facilityName, config.subFacilityName);\nadminObj.facilityview();\nadminObj.facilitysubtab();\ncommonObj.openSubFacility(config.subFacilityName);\nadminObj.transactionTab();\nadminObj.invoiceStateAccepted(); //Invoice state - Accepeted\nadminObj.fundingRequestPageDetails(); // send funding request\ncy.reload();\nadminObj.invoiceStateFundingRequested(); // invoice status after funding request\nsingout.singOutUser(config.AdminUser);",
              "err": {},
              "uuid": "a5c5b075-1a36-443e-a71e-df3788f78d9f",
              "parentUUID": "70e2725b-8cf7-4a51-ae2a-ec1b4b513b43",
              "isHook": false,
              "skipped": false
            },
            {
              "title": "Login as an Funder ---> Decline Transaction",
              "fullTitle": "Decline By Funder flow---> Login as an Funder ---> Decline Transaction",
              "timedOut": null,
              "duration": 58636,
              "state": "passed",
              "speed": "slow",
              "pass": true,
              "fail": false,
              "pending": false,
              "context": null,
              "code": "loginObj.login(config.baseURI, config.FunderUser, config.Password);\ncy.location('pathname').should('have.string', '/scf/transactions');\nfunderObj.opentransaction(config.funderstate);\nfunderObj.funderTransactionPageDetails(); // Transaction detail page details\nfunderObj.declineTransaction(); // decline transaction\nsingout.singOutUser(config.FunderUser);",
              "err": {},
              "uuid": "3f9ea8c9-60b3-443c-ac4e-8d4084fa9129",
              "parentUUID": "70e2725b-8cf7-4a51-ae2a-ec1b4b513b43",
              "isHook": false,
              "skipped": false
            }
          ],
          "suites": [],
          "passes": [
            "7cfc5550-59da-4a82-88a4-d9a62c27a9d5",
            "94c8e574-0f4b-4268-ac73-970d2e9853a2",
            "642aef8c-787b-4e06-a655-b34f5d01cb69",
            "2d6d017c-2e1e-4d9a-8971-2ee494bf4f7a",
            "1645dbff-9471-436c-90d2-a81a11f198cc",
            "a5c5b075-1a36-443e-a71e-df3788f78d9f",
            "3f9ea8c9-60b3-443c-ac4e-8d4084fa9129"
          ],
          "failures": [],
          "pending": [],
          "skipped": [],
          "duration": 291701,
          "root": false,
          "rootEmpty": false,
          "_timeout": 2000
        }
      ],
      "passes": [],
      "failures": [],
      "pending": [],
      "skipped": [],
      "duration": 0,
      "root": true,
      "rootEmpty": true,
      "_timeout": 2000
    },
    {
      "uuid": "f1ad6710-3e36-43ee-9b7f-9f7745e0f111",
      "title": "",
      "fullFile": "cypress/integration/e2e-flows/notFundedByAdmin.spec.js",
      "file": "cypress/integration/e2e-flows/notFundedByAdmin.spec.js",
      "beforeHooks": [],
      "afterHooks": [],
      "tests": [],
      "suites": [
        {
          "uuid": "55fb1fec-5dd3-499b-bcf2-8b7b64de82d8",
          "title": "Not Funded By Admin flow--->",
          "fullFile": "",
          "file": "",
          "beforeHooks": [],
          "afterHooks": [],
          "tests": [
            {
              "title": "Login as an Supplier user",
              "fullTitle": "Not Funded By Admin flow---> Login as an Supplier user",
              "timedOut": null,
              "duration": 50935,
              "state": "passed",
              "speed": "slow",
              "pass": true,
              "fail": false,
              "pending": false,
              "context": null,
              "code": "loginObj.login(config.baseURI, config.SupplierUser, config.Password);\ncy.location('pathname').should('have.string', '/scf/invoices/available'); //--Landing URL",
              "err": {},
              "uuid": "e500f208-5819-4e33-b8bd-d10ce281759b",
              "parentUUID": "55fb1fec-5dd3-499b-bcf2-8b7b64de82d8",
              "isHook": false,
              "skipped": false
            },
            {
              "title": "Import Invoices",
              "fullTitle": "Not Funded By Admin flow---> Import Invoices",
              "timedOut": null,
              "duration": 52098,
              "state": "passed",
              "speed": "slow",
              "pass": true,
              "fail": false,
              "pending": false,
              "context": null,
              "code": "supplierObj.importinvoices().click();\ncy.get('button span').contains('cloud_upload').should('be.visible').click();\ncy.addInvoice(config.mediumWait); //Importing Invoice\ncy.wait(5000);\nsupplierObj.invoiceStatusAfterImport(); // Check status of invoice after import\nsingout.singOutUser(config.SupplierUser); // sign out",
              "err": {},
              "uuid": "5943fcf0-9b4c-436a-b1dc-b0e8a1d77f6e",
              "parentUUID": "55fb1fec-5dd3-499b-bcf2-8b7b64de82d8",
              "isHook": false,
              "skipped": false
            },
            {
              "title": "Login as an Admin user",
              "fullTitle": "Not Funded By Admin flow---> Login as an Admin user",
              "timedOut": null,
              "duration": 29974,
              "state": "passed",
              "speed": "slow",
              "pass": true,
              "fail": false,
              "pending": false,
              "context": null,
              "code": "loginObj.login(config.baseURI, config.AdminUser, config.Password);\ncy.location('pathname').should('have.string', '/scf/facilities'); //Landing URL check",
              "err": {},
              "uuid": "47dd0fab-1e46-4673-a9b8-ff76a271d610",
              "parentUUID": "55fb1fec-5dd3-499b-bcf2-8b7b64de82d8",
              "isHook": false,
              "skipped": false
            },
            {
              "title": "Open Facility---> Push Invoices",
              "fullTitle": "Not Funded By Admin flow---> Open Facility---> Push Invoices",
              "timedOut": null,
              "duration": 68142,
              "state": "passed",
              "speed": "slow",
              "pass": true,
              "fail": false,
              "pending": false,
              "context": null,
              "code": "commonObj.showAllRow(); // Full page view\ncommonObj.openFacility(config.facilityName, config.subFacilityName); //Open Facility\nadminObj.facilityview();\nadminObj.facilitysubtab();\ncommonObj.openSubFacility(config.subFacilityName);\npushInvoice.openInvoicesGrid();\ncommonObj.showAllRow();\nadminObj.invoiceState(); // Checked Invoice state before pushing invoices\npushInvoice.pushInvoice(); // Push all available invoices\nsingout.singOutUser(config.AdminUser);",
              "err": {},
              "uuid": "653a1e98-f6db-45e7-98b1-c61e1e06e276",
              "parentUUID": "55fb1fec-5dd3-499b-bcf2-8b7b64de82d8",
              "isHook": false,
              "skipped": false
            },
            {
              "title": "Login as an Supplier ---> Accept invoices",
              "fullTitle": "Not Funded By Admin flow---> Login as an Supplier ---> Accept invoices",
              "timedOut": null,
              "duration": 43028,
              "state": "passed",
              "speed": "slow",
              "pass": true,
              "fail": false,
              "pending": false,
              "context": null,
              "code": "loginObj.login(config.baseURI, config.SupplierUser, config.Password);\ncy.location('pathname').should('have.string', '/scf/invoices/available');\nsupplierObj.invoiceStateAvailable(); // to check invoice status- Available\nsendinvoiceObj.sendInvoices(); // Send all avaialble invoices to Admin\nsingout.singOutUser(config.SupplierUser);",
              "err": {},
              "uuid": "811e62f8-f046-427c-822a-23ef9e063639",
              "parentUUID": "55fb1fec-5dd3-499b-bcf2-8b7b64de82d8",
              "isHook": false,
              "skipped": false
            },
            {
              "title": "Admin Login- Funding Request--> Mark as not for funded",
              "fullTitle": "Not Funded By Admin flow---> Admin Login- Funding Request--> Mark as not for funded",
              "timedOut": null,
              "duration": 95521,
              "state": "passed",
              "speed": "slow",
              "pass": true,
              "fail": false,
              "pending": false,
              "context": null,
              "code": "loginObj.login(config.baseURI, config.AdminUser, config.Password);\ncy.location('pathname').should('have.string', '/scf/facilities');\ncommonObj.showAllRow();\ncommonObj.openFacility(config.facilityName, config.subFacilityName);\ncy.wait(5000);\nadminObj.facilityview();\nadminObj.facilitysubtab();\ncommonObj.openSubFacility(config.subFacilityName);\nadminObj.transactionTab();\nadminObj.invoiceStateAccepted();\nadminObj.fundingRequestPageDetails();\ncy.reload();\nadminObj.invoiceStateFundingRequested();\nadminObj.notForFunded(); // Mark as not for funded\nsingout.singOutUser(config.AdminUser);",
              "err": {},
              "uuid": "fc326b24-8924-4666-bac5-da9e478199c5",
              "parentUUID": "55fb1fec-5dd3-499b-bcf2-8b7b64de82d8",
              "isHook": false,
              "skipped": false
            }
          ],
          "suites": [],
          "passes": [
            "e500f208-5819-4e33-b8bd-d10ce281759b",
            "5943fcf0-9b4c-436a-b1dc-b0e8a1d77f6e",
            "47dd0fab-1e46-4673-a9b8-ff76a271d610",
            "653a1e98-f6db-45e7-98b1-c61e1e06e276",
            "811e62f8-f046-427c-822a-23ef9e063639",
            "fc326b24-8924-4666-bac5-da9e478199c5"
          ],
          "failures": [],
          "pending": [],
          "skipped": [],
          "duration": 339698,
          "root": false,
          "rootEmpty": false,
          "_timeout": 2000
        }
      ],
      "passes": [],
      "failures": [],
      "pending": [],
      "skipped": [],
      "duration": 0,
      "root": true,
      "rootEmpty": true,
      "_timeout": 2000
    },
    {
      "uuid": "8b9cd10a-5fde-4a13-a5dc-5fa4a849b755",
      "title": "",
      "fullFile": "cypress/integration/e2e-flows/scf-admin-tabs.spec.js",
      "file": "cypress/integration/e2e-flows/scf-admin-tabs.spec.js",
      "beforeHooks": [],
      "afterHooks": [],
      "tests": [],
      "suites": [
        {
          "uuid": "69e1bc1c-84de-4aab-bb8c-88c52e93ace9",
          "title": "Admin Tabs validations--->",
          "fullFile": "",
          "file": "",
          "beforeHooks": [],
          "afterHooks": [],
          "tests": [
            {
              "title": "Login as an Admin user",
              "fullTitle": "Admin Tabs validations---> Login as an Admin user",
              "timedOut": null,
              "duration": 30012,
              "state": "passed",
              "speed": "slow",
              "pass": true,
              "fail": false,
              "pending": false,
              "context": null,
              "code": "loginObj.login(config.baseURI, config.AdminUser, config.Password);\ncy.location('pathname').should('have.string', '/scf/facilities');",
              "err": {},
              "uuid": "9e4e5bbf-c89c-43d2-9161-108563f104fa",
              "parentUUID": "69e1bc1c-84de-4aab-bb8c-88c52e93ace9",
              "isHook": false,
              "skipped": false
            },
            {
              "title": "Verify Admin tabs scenarios",
              "fullTitle": "Admin Tabs validations---> Verify Admin tabs scenarios",
              "timedOut": null,
              "duration": 38935,
              "state": "passed",
              "speed": "slow",
              "pass": true,
              "fail": false,
              "pending": false,
              "context": null,
              "code": "commonObj.showAllRow();\ncommonObj.openFacility(config.facilityName, config.subFacilityName);\nadminObj.selectFacility();\nadminObj.selectSubFacTabs();\nadminObj.transactionSubTab();\nadminObj.obligorSubTab();\nadminObj.sellerSubTab();\nadminObj.relationshipSubTab();\nadminObj.funderSubTab();\nadminObj.assetTabDetails();\nadminObj.labelsPageHeader();\nadminObj.userProfile();\nsingout.singOutUser(config.AdminUser);",
              "err": {},
              "uuid": "a350561f-5f7b-47ae-a2f8-d1d166cbb1c4",
              "parentUUID": "69e1bc1c-84de-4aab-bb8c-88c52e93ace9",
              "isHook": false,
              "skipped": false
            }
          ],
          "suites": [],
          "passes": [
            "9e4e5bbf-c89c-43d2-9161-108563f104fa",
            "a350561f-5f7b-47ae-a2f8-d1d166cbb1c4"
          ],
          "failures": [],
          "pending": [],
          "skipped": [],
          "duration": 68947,
          "root": false,
          "rootEmpty": false,
          "_timeout": 2000
        }
      ],
      "passes": [],
      "failures": [],
      "pending": [],
      "skipped": [],
      "duration": 0,
      "root": true,
      "rootEmpty": true,
      "_timeout": 2000
    },
    {
      "uuid": "8049a89e-1b9a-4fa3-8823-0a1bf99f2ae8",
      "title": "",
      "fullFile": "cypress/integration/e2e-flows/cancelledTransaction.spec.js",
      "file": "cypress/integration/e2e-flows/cancelledTransaction.spec.js",
      "beforeHooks": [],
      "afterHooks": [],
      "tests": [],
      "suites": [
        {
          "uuid": "03ffdc47-ab3c-41b8-968f-aa93b494203f",
          "title": "Cancelled Transaction flow--->",
          "fullFile": "",
          "file": "",
          "beforeHooks": [],
          "afterHooks": [],
          "tests": [
            {
              "title": "Login as an Supplier user",
              "fullTitle": "Cancelled Transaction flow---> Login as an Supplier user",
              "timedOut": null,
              "duration": 60764,
              "state": "passed",
              "speed": "slow",
              "pass": true,
              "fail": false,
              "pending": false,
              "context": null,
              "code": "loginObj.login(config.baseURI, config.SupplierUser, config.Password);\ncy.location('pathname').should('have.string', '/scf/invoices/available'); //--Landing URL",
              "err": {},
              "uuid": "dac2c2d8-628b-40f4-a085-b71b5cf1f098",
              "parentUUID": "03ffdc47-ab3c-41b8-968f-aa93b494203f",
              "isHook": false,
              "skipped": false
            },
            {
              "title": "Import Invoices",
              "fullTitle": "Cancelled Transaction flow---> Import Invoices",
              "timedOut": null,
              "duration": 29209,
              "state": "passed",
              "speed": "slow",
              "pass": true,
              "fail": false,
              "pending": false,
              "context": null,
              "code": "supplierObj.importinvoices().click();\ncy.get('button span').contains('cloud_upload').should('be.visible').click();\ncy.addInvoice(config.mediumWait); //Importing Invoice\ncy.wait(5000);\nsupplierObj.invoiceStatusAfterImport(); // Check status of invoice after import\nsingout.singOutUser(config.SupplierUser); // sign out",
              "err": {},
              "uuid": "c0c78347-4c4d-4796-85a8-38be03ed212d",
              "parentUUID": "03ffdc47-ab3c-41b8-968f-aa93b494203f",
              "isHook": false,
              "skipped": false
            },
            {
              "title": "Login as an Admin user",
              "fullTitle": "Cancelled Transaction flow---> Login as an Admin user",
              "timedOut": null,
              "duration": 20410,
              "state": "passed",
              "speed": "slow",
              "pass": true,
              "fail": false,
              "pending": false,
              "context": null,
              "code": "loginObj.login(config.baseURI, config.AdminUser, config.Password);\ncy.location('pathname').should('have.string', '/scf/facilities'); //Landing URL check",
              "err": {},
              "uuid": "a3f82dac-7cfc-4b52-81b3-ac64664f6c88",
              "parentUUID": "03ffdc47-ab3c-41b8-968f-aa93b494203f",
              "isHook": false,
              "skipped": false
            },
            {
              "title": "Open Facility---> Push Invoices",
              "fullTitle": "Cancelled Transaction flow---> Open Facility---> Push Invoices",
              "timedOut": null,
              "duration": 44926,
              "state": "passed",
              "speed": "slow",
              "pass": true,
              "fail": false,
              "pending": false,
              "context": null,
              "code": "commonObj.showAllRow(); // Full page view\ncommonObj.openFacility(config.facilityName, config.subFacilityName); //Open Facility\nadminObj.facilityview();\nadminObj.facilitysubtab();\ncommonObj.openSubFacility(config.subFacilityName);\npushInvoice.openInvoicesGrid();\ncommonObj.showAllRow();\nadminObj.invoiceState(); // Checked Invoice state before pushing invoices\npushInvoice.pushInvoice(); // Push all available invoices\nsingout.singOutUser(config.AdminUser);",
              "err": {},
              "uuid": "1ddfa405-30ad-4244-9e04-ae95b451617c",
              "parentUUID": "03ffdc47-ab3c-41b8-968f-aa93b494203f",
              "isHook": false,
              "skipped": false
            },
            {
              "title": "Login as an Supplier ---> Accept invoices",
              "fullTitle": "Cancelled Transaction flow---> Login as an Supplier ---> Accept invoices",
              "timedOut": null,
              "duration": 36862,
              "state": "passed",
              "speed": "slow",
              "pass": true,
              "fail": false,
              "pending": false,
              "context": null,
              "code": "loginObj.login(config.baseURI, config.SupplierUser, config.Password);\ncy.location('pathname').should('have.string', '/scf/invoices/available');\nsupplierObj.invoiceStateAvailable(); // to check invoice status- Available\nsendinvoiceObj.sendInvoices(); // Send all avaialble invoices to Admin\nsingout.singOutUser(config.SupplierUser);",
              "err": {},
              "uuid": "a1af6a9e-c172-4d9a-a533-ce596df482ef",
              "parentUUID": "03ffdc47-ab3c-41b8-968f-aa93b494203f",
              "isHook": false,
              "skipped": false
            },
            {
              "title": "Admin Login- Cancelled Transaction",
              "fullTitle": "Cancelled Transaction flow---> Admin Login- Cancelled Transaction",
              "timedOut": null,
              "duration": 66672,
              "state": "failed",
              "speed": null,
              "pass": false,
              "fail": true,
              "pending": false,
              "context": "{\n  \"title\": \"cypress-mochawesome-reporter-screenshots\",\n  \"value\": [\n    [\n      {\n        \"title\": \"Failed screenshot\",\n        \"value\": \"\\\\e2e-flows\\\\cancelledTransaction.spec.js\\\\Cancelled Transaction flow--- -- Admin Login- Cancelled Transaction (failed).png\"\n      }\n    ]\n  ]\n}",
              "code": "loginObj.login(config.baseURI, config.AdminUser, config.Password);\ncy.location('pathname').should('have.string', '/scf/facilities');\ncommonObj.showAllRow();\ncommonObj.openFacility(config.facilityName, config.subFacilityName);\nadminObj.facilityview();\nadminObj.facilitysubtab();\ncommonObj.openSubFacility(config.subFacilityName);\nadminObj.transactionTab();\nadminObj.invoiceStateAccepted();\nadminObj.cancelledTransaction(); // Mark Transaction as cancelled\ncy.reload();\nadminObj.transactionStateCancelled(); // Transaction status \nsingout.singOutUser(config.AdminUser);",
              "err": {
                "message": "CypressError: Timed out after waiting `100000ms` for your remote page to load.\n\nYour page did not fire its `load` event within `100000ms`.\n\nYou can try increasing the `pageLoadTimeout` value in `cypress.json` to wait longer.\n\nBrowsers will not fire the `load` event until all stylesheets and scripts are done downloading.\n\nWhen this `load` event occurs, Cypress will continue running commands.",
                "estack": "CypressError: Timed out after waiting `100000ms` for your remote page to load.\n\nYour page did not fire its `load` event within `100000ms`.\n\nYou can try increasing the `pageLoadTimeout` value in `cypress.json` to wait longer.\n\nBrowsers will not fire the `load` event until all stylesheets and scripts are done downloading.\n\nWhen this `load` event occurs, Cypress will continue running commands.\n    at timedOutWaitingForPageLoad (https://lqx-webui-test2.azurewebsites.net/__cypress/runner/cypress_runner.js:157134:72)\n    at https://lqx-webui-test2.azurewebsites.net/__cypress/runner/cypress_runner.js:157447:16\n    at tryCatcher (https://lqx-webui-test2.azurewebsites.net/__cypress/runner/cypress_runner.js:13196:23)\n    at https://lqx-webui-test2.azurewebsites.net/__cypress/runner/cypress_runner.js:8318:41\n    at tryCatcher (https://lqx-webui-test2.azurewebsites.net/__cypress/runner/cypress_runner.js:13196:23)\n    at Promise._settlePromiseFromHandler (https://lqx-webui-test2.azurewebsites.net/__cypress/runner/cypress_runner.js:11131:31)\n    at Promise._settlePromise (https://lqx-webui-test2.azurewebsites.net/__cypress/runner/cypress_runner.js:11188:18)\n    at Promise._settlePromise0 (https://lqx-webui-test2.azurewebsites.net/__cypress/runner/cypress_runner.js:11233:10)\n    at Promise._settlePromises (https://lqx-webui-test2.azurewebsites.net/__cypress/runner/cypress_runner.js:11309:18)\n    at _drainQueueStep (https://lqx-webui-test2.azurewebsites.net/__cypress/runner/cypress_runner.js:7903:12)\n    at _drainQueue (https://lqx-webui-test2.azurewebsites.net/__cypress/runner/cypress_runner.js:7896:9)\n    at Async.../../node_modules/bluebird/js/release/async.js.Async._drainQueues (https://lqx-webui-test2.azurewebsites.net/__cypress/runner/cypress_runner.js:7912:5)\n    at Async.drainQueues (https://lqx-webui-test2.azurewebsites.net/__cypress/runner/cypress_runner.js:7782:14)\nFrom Your Spec Code:\n    at adminObject.cancelledTransaction (https://lqx-webui-test2.azurewebsites.net/__cypress/tests?p=cypress\\integration\\e2e-flows\\cancelledTransaction.spec.js:504:59)\n    at Context.eval (https://lqx-webui-test2.azurewebsites.net/__cypress/tests?p=cypress\\integration\\e2e-flows\\cancelledTransaction.spec.js:241:14)",
                "diff": null
              },
              "uuid": "493f984d-02e4-4525-894c-9c7294acf436",
              "parentUUID": "03ffdc47-ab3c-41b8-968f-aa93b494203f",
              "isHook": false,
              "skipped": false
            }
          ],
          "suites": [],
          "passes": [
            "dac2c2d8-628b-40f4-a085-b71b5cf1f098",
            "c0c78347-4c4d-4796-85a8-38be03ed212d",
            "a3f82dac-7cfc-4b52-81b3-ac64664f6c88",
            "1ddfa405-30ad-4244-9e04-ae95b451617c",
            "a1af6a9e-c172-4d9a-a533-ce596df482ef"
          ],
          "failures": [
            "493f984d-02e4-4525-894c-9c7294acf436"
          ],
          "pending": [],
          "skipped": [],
          "duration": 258843,
          "root": false,
          "rootEmpty": false,
          "_timeout": 2000
        }
      ],
      "passes": [],
      "failures": [],
      "pending": [],
      "skipped": [],
      "duration": 0,
      "root": true,
      "rootEmpty": true,
      "_timeout": 2000
    }
  ],
  "meta": {
    "mocha": {
      "version": "7.0.1"
    },
    "mochawesome": {
      "options": {
        "quiet": false,
        "reportFilename": "mochawesome",
        "saveHtml": true,
        "saveJson": true,
        "consoleReporter": "spec",
        "useInlineDiffs": false,
        "code": true
      },
      "version": "7.0.1"
    },
    "marge": {
      "options": {
        "id": "default",
        "reportDir": "cypress/reports/mocha",
        "quite": true,
        "overwrite": false,
        "html": true,
        "json": true
      },
      "version": "6.0.1"
    }
  }
}